See file:///C:/Users/FIRST%20i5%201/Desktop/Stan-Robotix-Source/Compets/2022/2022_StanRobotix_BetaBots-Imported2/build/tmp/compileFrcUserProgramDebugExecutableFrcUserProgramCpp/output.txt for all output for compileFrcUserProgramDebugExecutableFrcUserProgramCpp.
compiling RobotContainer.cpp failed.
In file included from C:\Users\FIRST i5 1\Desktop\Stan-Robotix-Source\Compets\2022\2022_StanRobotix_BetaBots-Imported2\src\main\include/commands/AutonomousCommand.h:10,
                 from C:\Users\FIRST i5 1\Desktop\Stan-Robotix-Source\Compets\2022\2022_StanRobotix_BetaBots-Imported2\src\main\include/RobotContainer.h:13,
                 from C:\Users\FIRST i5 1\Desktop\Stan-Robotix-Source\Compets\2022\2022_StanRobotix_BetaBots-Imported2\src\main\cpp\RobotContainer.cpp:5:
C:\Users\FIRST i5 1\Desktop\Stan-Robotix-Source\Compets\2022\2022_StanRobotix_BetaBots-Imported2\src\main\include/subsystems/SubEjector.h:8:10: fatal error: rev/SparkMaxRelativeEncoder.h: No such file or directory
    8 | #include <rev/SparkMaxRelativeEncoder.h>
      |          ^~~~~~~~~~~~~~~~~~~~~~~~~~~~~~~
compilation terminated.

compiling AutonomousCommand.cpp failed.
In file included from C:\Users\FIRST i5 1\Desktop\Stan-Robotix-Source\Compets\2022\2022_StanRobotix_BetaBots-Imported2\src\main\include/commands/AutonomousCommand.h:10,
                 from C:\Users\FIRST i5 1\Desktop\Stan-Robotix-Source\Compets\2022\2022_StanRobotix_BetaBots-Imported2\src\main\cpp\commands\AutonomousCommand.cpp:5:
C:\Users\FIRST i5 1\Desktop\Stan-Robotix-Source\Compets\2022\2022_StanRobotix_BetaBots-Imported2\src\main\include/subsystems/SubEjector.h:8:10: fatal error: rev/SparkMaxRelativeEncoder.h: No such file or directory
    8 | #include <rev/SparkMaxRelativeEncoder.h>
      |          ^~~~~~~~~~~~~~~~~~~~~~~~~~~~~~~
compilation terminated.

compiling Robot.cpp failed.
In file included from C:\Users\FIRST i5 1\Desktop\Stan-Robotix-Source\Compets\2022\2022_StanRobotix_BetaBots-Imported2\src\main\include/commands/AutonomousCommand.h:10,
                 from C:\Users\FIRST i5 1\Desktop\Stan-Robotix-Source\Compets\2022\2022_StanRobotix_BetaBots-Imported2\src\main\include/RobotContainer.h:13,
                 from C:\Users\FIRST i5 1\Desktop\Stan-Robotix-Source\Compets\2022\2022_StanRobotix_BetaBots-Imported2\src\main\include/Robot.h:10,
                 from C:\Users\FIRST i5 1\Desktop\Stan-Robotix-Source\Compets\2022\2022_StanRobotix_BetaBots-Imported2\src\main\cpp\Robot.cpp:5:
C:\Users\FIRST i5 1\Desktop\Stan-Robotix-Source\Compets\2022\2022_StanRobotix_BetaBots-Imported2\src\main\include/subsystems/SubEjector.h:8:10: fatal error: rev/SparkMaxRelativeEncoder.h: No such file or directory
    8 | #include <rev/SparkMaxRelativeEncoder.h>
      |          ^~~~~~~~~~~~~~~~~~~~~~~~~~~~~~~
compilation terminated.

compiling SubDriveTrain.cpp failed.
In file included from C:\Users\FIRST i5 1\Desktop\Stan-Robotix-Source\Compets\2022\2022_StanRobotix_BetaBots-Imported2\src\main\cpp\subsystems\SubDriveTrain.cpp:5:
C:\Users\FIRST i5 1\Desktop\Stan-Robotix-Source\Compets\2022\2022_StanRobotix_BetaBots-Imported2\src\main\include/subsystems/SubDriveTrain.h:12:10: fatal error: frc/SpeedControllerGroup.h: No such file or directory
   12 | #include <frc/SpeedControllerGroup.h>
      |          ^~~~~~~~~~~~~~~~~~~~~~~~~~~~
compilation terminated.

compiling SubEjector.cpp failed.
In file included from C:\Users\FIRST i5 1\Desktop\Stan-Robotix-Source\Compets\2022\2022_StanRobotix_BetaBots-Imported2\src\main\cpp\subsystems\SubEjector.cpp:5:
C:\Users\FIRST i5 1\Desktop\Stan-Robotix-Source\Compets\2022\2022_StanRobotix_BetaBots-Imported2\src\main\include/subsystems/SubEjector.h:8:10: fatal error: rev/SparkMaxRelativeEncoder.h: No such file or directory
    8 | #include <rev/SparkMaxRelativeEncoder.h>
      |          ^~~~~~~~~~~~~~~~~~~~~~~~~~~~~~~
compilation terminated.

compiling SubClimber.cpp failed.
In file included from C:\Users\FIRST i5 1\Desktop\Stan-Robotix-Source\Compets\2022\2022_StanRobotix_BetaBots-Imported2\src\main\cpp\subsystems\SubClimber.cpp:5:
C:\Users\FIRST i5 1\Desktop\Stan-Robotix-Source\Compets\2022\2022_StanRobotix_BetaBots-Imported2\src\main\include/subsystems/SubClimber.h:7:10: fatal error: rev/SparkMaxRelativeEncoder.h: No such file or directory
    7 | #include <rev/SparkMaxRelativeEncoder.h>
      |          ^~~~~~~~~~~~~~~~~~~~~~~~~~~~~~~
compilation terminated.

compiling SubCameraOrienter.cpp successful.

compiling SubIMU.cpp successful.
C:\Users\FIRST i5 1\Desktop\Stan-Robotix-Source\Compets\2022\2022_StanRobotix_BetaBots-Imported2\src\main\cpp\subsystems\SubIMU.cpp: In member function 'float SubIMU::getAngle()':
C:\Users\FIRST i5 1\Desktop\Stan-Robotix-Source\Compets\2022\2022_StanRobotix_BetaBots-Imported2\src\main\cpp\subsystems\SubIMU.cpp:32:23: warning: comparison of integer expressions of different signedness: 'int' and 'std::vector<double>::size_type' {aka 'unsigned int'} [-Wsign-compare]
   32 |     for (int i = 0; i < m_gyroVals.size(); i++)
      |                     ~~^~~~~~~~~~~~~~~~~~~

Finished compileFrcUserProgramDebugExecutableFrcUserProgramCpp, see full log file:///C:/Users/FIRST%20i5%201/Desktop/Stan-Robotix-Source/Compets/2022/2022_StanRobotix_BetaBots-Imported2/build/tmp/compileFrcUserProgramDebugExecutableFrcUserProgramCpp/output.txt.
